INFO:     Will watch for changes in these directories: ['C:\\Users\\patil\\OneDrive\\Desktop\\IntelliScaleSim-10\\backend']
INFO:     Uvicorn running on http://127.0.0.1:8000 (Press CTRL+C to quit)
INFO:     Started reloader process [11728] using WatchFiles
INFO:     Started server process [34916]
INFO:     Waiting for application startup.
INFO:     Application startup complete.
Error evaluating policy 5: type object 'Container' has no attribute 'parent_id'
Container 18 has Docker ID but stats not implemented yet
Error evaluating policy 5: type object 'Container' has no attribute 'parent_id'
Container 18 has Docker ID but stats not implemented yet
Error evaluating policy 5: type object 'Container' has no attribute 'parent_id'
Container 18 has Docker ID but stats not implemented yet
Error evaluating policy 5: type object 'Container' has no attribute 'parent_id'
Container 18 has Docker ID but stats not implemented yet
Error evaluating policy 5: type object 'Container' has no attribute 'parent_id'
Container 18 has Docker ID but stats not implemented yet
Error evaluating policy 5: type object 'Container' has no attribute 'parent_id'
Container 18 has Docker ID but stats not implemented yet
Error evaluating policy 5: type object 'Container' has no attribute 'parent_id'
Container 18 has Docker ID but stats not implemented yet
Error evaluating policy 5: type object 'Container' has no attribute 'parent_id'
Container 18 has Docker ID but stats not implemented yet
Error evaluating policy 5: type object 'Container' has no attribute 'parent_id'
Container 18 has Docker ID but stats not implemented yet
WARNING:  WatchFiles detected changes in 'app\api\routes_loadtest.py'. Reloading...
INFO:     Shutting down
